<?xml version="1.0" encoding="UTF-8"?>
<beans xmlns="http://www.springframework.org/schema/beans"
    xmlns:xsi="http://www.w3.org/2001/XMLSchema-instance"
    xmlns:mybatis="http://mybatis.org/schema/mybatis-spring"
    xmlns:context="http://www.springframework.org/schema/context"
    xsi:schemaLocation="http://www.springframework.org/schema/beans https://www.springframework.org/schema/beans/spring-beans.xsd
        http://www.springframework.org/schema/context https://www.springframework.org/schema/context/spring-context.xsd
        http://mybatis.org/schema/mybatis-spring http://mybatis.org/schema/mybatis-spring.xsd">

    <!-- 테스트용 DataSource 설정 -->
    <bean id="dataSource" class="com.zaxxer.hikari.HikariDataSource">
        <property name="driverClassName" value="net.sf.log4jdbc.DriverSpy" />
        <property name="jdbcUrl" value="jdbc:log4jdbc:mysql://127.0.0.1:3306/pst" />
        <property name="username" value="root" />
        <property name="password" value="1234" />
    </bean>

    <!-- SqlSessionFactory 설정 -->
    <bean id="sqlSessionFactory" class="org.mybatis.spring.SqlSessionFactoryBean">
        <property name="dataSource" ref="dataSource" />
        <property name="mapperLocations" value="classpath:META-INF/mappers/**/*.xml" />
    </bean>

    <!-- Mapper 인터페이스 스캔 및 등록 -->
    <bean class="org.mybatis.spring.mapper.MapperScannerConfigurer">
        <property name="basePackage" value="com.example.mapper" />
        <property name="sqlSessionFactoryBeanName" value="sqlSessionFactory" />
    </bean>

    <!-- Mapper에서 사용할 인터페이스가 있는 패키지 -->
    <mybatis:scan base-package="kr.or.koroad.auth.service.mapper" 
    			  annotation="org.apache.ibatis.annotations.Mapper" />
</beans>
